<?xml version="1.0" encoding="UTF-8"?>
<!-- Generated by org.testng.reporters.JUnitXMLReporter -->
<testsuite ignored="1" hostname="DESKTOP-V9UFEOM" failures="0" tests="3" name="Test" time="20.926" errors="0" timestamp="2026-01-06T16:35:53 IST">
  <testcase classname="testscript.ManageContactTest" name="verifyContact" time="5.947"/>
  <testcase classname="testscript.ManageNewsTest" name="verifyManageNews" time="2.795"/>
  <testcase classname="testscript.ManageFooterTextTest" name="verifyFooterText" time="3.749"/>
  <testcase classname="testscript.LogoutTest" name="verifyLogout" time="0.0">
    <ignored/>
  </testcase> <!-- verifyLogout -->
</testsuite> <!-- Test -->
