<?xml version="1.0" encoding="UTF-8"?>
<!-- Generated by org.testng.reporters.JUnitXMLReporter -->
<testsuite ignored="0" hostname="DESKTOP-V9UFEOM" failures="0" tests="3" name="Test" time="23.699" errors="0" timestamp="2026-01-10T11:26:15 IST">
  <testcase classname="testscript.ManageContactTest" name="verifyContact" time="7.24"/>
  <testcase classname="testscript.ManageNewsTest" name="verifyManageNews" time="3.882"/>
  <testcase classname="testscript.ManageFooterTextTest" name="verifyFooterText" time="3.622"/>
</testsuite> <!-- Test -->
