<?xml version="1.0" encoding="UTF-8"?>
<!-- Generated by org.testng.reporters.JUnitXMLReporter -->
<testsuite ignored="0" hostname="DESKTOP-V9UFEOM" failures="0" tests="3" name="Test" time="21.896" errors="0" timestamp="2026-01-10T11:11:59 IST">
  <testcase classname="testscript.ManageNewsTest" name="verifyManageNews" time="4.801"/>
  <testcase classname="testscript.ManageFooterTextTest" name="verifyFooterText" time="2.9"/>
  <testcase classname="testscript.ManageContactTest" name="verifyContact" time="3.664"/>
</testsuite> <!-- Test -->
