<?xml version="1.0" encoding="UTF-8"?>
<!-- Generated by org.testng.reporters.JUnitXMLReporter -->
<testsuite ignored="0" hostname="DESKTOP-V9UFEOM" failures="0" tests="10" name="Test" time="49.552" errors="0" timestamp="2026-01-18T20:22:35 IST">
  <testcase classname="testscript.LoginTest" name="verifyTheUserIsAbleToLoginWithValidCredentials" time="2.674"/>
  <testcase classname="testscript.LoginTest" name="verifyTheUserIsAbleToLoginWithIncorrectUsernameCorrectPin" time="0.753"/>
  <testcase classname="testscript.LoginTest" name="verifyTheUserIsAbleToLoginWithCorrectUsernameIncorrectPin" time="0.735"/>
  <testcase classname="testscript.LoginTest" name="verifyTheUserIsAbleToLoginWithIncorrectUsernameIncorrectPin" time="0.559"/>
  <testcase classname="testscript.AdminUsersTest" name="verifyAdminUser" time="8.139"/>
  <testcase classname="testscript.LogoutTest" name="verifyLogout" time="1.364"/>
  <testcase classname="testscript.ManageContactTest" name="verifyContact" time="3.044"/>
  <testcase classname="testscript.ManageCategoryTest" name="verifyContact" time="7.381"/>
  <testcase classname="testscript.ManageNewsTest" name="verifyManageNews" time="2.145"/>
  <testcase classname="testscript.ManageFooterTextTest" name="verifyFooterText" time="2.252"/>
</testsuite> <!-- Test -->
