<?xml version="1.0" encoding="UTF-8"?>
<!-- Generated by org.testng.reporters.JUnitXMLReporter -->
<testsuite ignored="1" hostname="DESKTOP-V9UFEOM" failures="0" tests="3" name="Test" time="21.095" errors="0" timestamp="2026-01-18T20:28:49 IST">
  <testcase classname="testscript.ManageContactTest" name="verifyContact" time="6.435"/>
  <testcase classname="testscript.ManageNewsTest" name="verifyManageNews" time="2.342"/>
  <testcase classname="testscript.ManageFooterTextTest" name="verifyFooterText" time="2.667"/>
  <testcase classname="testscript.LogoutTest" name="verifyLogout" time="0.0">
    <ignored/>
  </testcase> <!-- verifyLogout -->
</testsuite> <!-- Test -->
