<?xml version="1.0" encoding="UTF-8"?>
<!-- Generated by org.testng.reporters.JUnitXMLReporter -->
<testsuite ignored="0" hostname="DESKTOP-V9UFEOM" failures="0" tests="2" name="Test" time="27.822" errors="0" timestamp="2026-01-13T12:35:47 IST">
  <testcase classname="testscript.ManageCategoryTest" name="verifyContact" time="13.12">
    <skipped/>
  </testcase> <!-- verifyContact -->
  <testcase classname="testscript.ManageCategoryTest" name="verifyContact" time="7.891"/>
</testsuite> <!-- Test -->
