<?xml version="1.0" encoding="UTF-8"?>
<!-- Generated by org.testng.reporters.JUnitXMLReporter -->
<testsuite ignored="0" hostname="DESKTOP-V9UFEOM" failures="0" tests="4" name="ChromeTest" time="30.75" errors="0" timestamp="2026-01-06T10:23:47 IST">
  <testcase classname="testscript.AdminUsersTest" name="verifyAdminUser" time="6.645"/>
  <testcase classname="testscript.ManageContactTest" name="verifyContact" time="5.045"/>
  <testcase classname="testscript.ManageFooterTextTest" name="verifyFooterText" time="3.358"/>
  <testcase classname="testscript.ManageNewsTest" name="verifyManageNews" time="4.045"/>
</testsuite> <!-- ChromeTest -->
