<?xml version="1.0" encoding="UTF-8"?>
<!-- Generated by org.testng.reporters.JUnitXMLReporter -->
<testsuite ignored="0" hostname="DESKTOP-V9UFEOM" failures="0" tests="4" name="ChromeTest" time="35.203" errors="0" timestamp="2026-01-18T20:31:43 IST">
  <testcase classname="testscript.AdminUsersTest" name="verifyAdminUser" time="12.427"/>
  <testcase classname="testscript.ManageContactTest" name="verifyContact" time="3.867"/>
  <testcase classname="testscript.ManageFooterTextTest" name="verifyFooterText" time="4.129"/>
  <testcase classname="testscript.ManageNewsTest" name="verifyManageNews" time="2.587"/>
</testsuite> <!-- ChromeTest -->
