<?xml version="1.0" encoding="UTF-8"?>
<!-- Generated by org.testng.reporters.JUnitXMLReporter -->
<testsuite ignored="0" hostname="DESKTOP-V9UFEOM" failures="0" tests="4" name="FireFoxTest" time="53.688" errors="0" timestamp="2026-01-18T20:32:01 IST">
  <testcase classname="testscript.AdminUsersTest" name="verifyAdminUser" time="7.709"/>
  <testcase classname="testscript.ManageContactTest" name="verifyContact" time="2.829"/>
  <testcase classname="testscript.ManageFooterTextTest" name="verifyFooterText" time="1.767"/>
  <testcase classname="testscript.ManageNewsTest" name="verifyManageNews" time="1.941"/>
</testsuite> <!-- FireFoxTest -->
