<?xml version="1.0" encoding="UTF-8"?>
<!-- Generated by org.testng.reporters.JUnitXMLReporter -->
<testsuite ignored="0" hostname="DESKTOP-V9UFEOM" failures="0" tests="5" name="FireFoxTest" time="69.831" errors="0" timestamp="2026-01-06T10:24:26 IST">
  <testcase classname="testscript.AdminUsersTest" name="verifyAdminUser" time="9.048">
    <skipped/>
  </testcase> <!-- verifyAdminUser -->
  <testcase classname="testscript.AdminUsersTest" name="verifyAdminUser" time="4.684"/>
  <testcase classname="testscript.ManageContactTest" name="verifyContact" time="2.931"/>
  <testcase classname="testscript.ManageFooterTextTest" name="verifyFooterText" time="2.344"/>
  <testcase classname="testscript.ManageNewsTest" name="verifyManageNews" time="2.321"/>
</testsuite> <!-- FireFoxTest -->
