<?xml version="1.0" encoding="UTF-8"?>
<!-- Generated by org.testng.reporters.JUnitXMLReporter -->
<testsuite ignored="0" hostname="DESKTOP-V9UFEOM" failures="0" tests="11" name="Test" time="66.443" errors="0" timestamp="2026-01-12T13:30:19 IST">
  <testcase classname="testscript.ManageCategoryTest" name="verifyContact" time="10.412"/>
  <testcase classname="testscript.LoginTest" name="verifyTheUserIsAbleToLoginWithValidCredentials" time="1.279"/>
  <testcase classname="testscript.LoginTest" name="verifyTheUserIsAbleToLoginWithIncorrectUsernameCorrectPin" time="1.004"/>
  <testcase classname="testscript.LoginTest" name="verifyTheUserIsAbleToLoginWithCorrectUsernameIncorrectPin" time="0.952"/>
  <testcase classname="testscript.LoginTest" name="verifyTheUserIsAbleToLoginWithIncorrectUsernameIncorrectPin" time="0.867"/>
  <testcase classname="testscript.LogoutTest" name="verifyLogout" time="1.501"/>
  <testcase classname="testscript.ManageContactTest" name="verifyContact" time="3.437"/>
  <testcase classname="testscript.ManageNewsTest" name="verifyManageNews" time="2.905"/>
  <testcase classname="testscript.ManageFooterTextTest" name="verifyFooterText" time="2.964"/>
  <testcase classname="testscript.AdminUsersTest" name="verifyAdminUser" time="9.615">
    <skipped/>
  </testcase> <!-- verifyAdminUser -->
  <testcase classname="testscript.AdminUsersTest" name="verifyAdminUser" time="3.612"/>
</testsuite> <!-- Test -->
