<?xml version="1.0" encoding="UTF-8"?>
<!-- Generated by org.testng.reporters.JUnitXMLReporter -->
<testsuite ignored="0" hostname="DESKTOP-V9UFEOM" failures="0" tests="10" name="Test" time="51.004" errors="0" timestamp="2026-01-18T20:25:45 IST">
  <testcase classname="testscript.LoginTest" name="verifyTheUserIsAbleToLoginWithValidCredentials" time="2.781"/>
  <testcase classname="testscript.LoginTest" name="verifyTheUserIsAbleToLoginWithIncorrectUsernameCorrectPin" time="0.997"/>
  <testcase classname="testscript.LoginTest" name="verifyTheUserIsAbleToLoginWithCorrectUsernameIncorrectPin" time="0.801"/>
  <testcase classname="testscript.LoginTest" name="verifyTheUserIsAbleToLoginWithIncorrectUsernameIncorrectPin" time="0.557"/>
  <testcase classname="testscript.AdminUsersTest" name="verifyAdminUser" time="7.875"/>
  <testcase classname="testscript.LogoutTest" name="verifyLogout" time="1.573"/>
  <testcase classname="testscript.ManageContactTest" name="verifyContact" time="3.739"/>
  <testcase classname="testscript.ManageCategoryTest" name="verifyContact" time="7.225"/>
  <testcase classname="testscript.ManageNewsTest" name="verifyManageNews" time="2.344"/>
  <testcase classname="testscript.ManageFooterTextTest" name="verifyFooterText" time="2.363"/>
</testsuite> <!-- Test -->
