<?xml version="1.0" encoding="UTF-8"?>
<!-- Generated by org.testng.reporters.JUnitXMLReporter -->
<testsuite ignored="0" hostname="DESKTOP-V9UFEOM" failures="0" tests="3" name="Test" time="23.135" errors="0" timestamp="2026-01-09T23:09:18 IST">
  <testcase classname="testscript.ManageNewsTest" name="verifyManageNews" time="5.304"/>
  <testcase classname="testscript.ManageFooterTextTest" name="verifyFooterText" time="4.921"/>
  <testcase classname="testscript.ManageContactTest" name="verifyContact" time="4.416"/>
</testsuite> <!-- Test -->
