<?xml version="1.0" encoding="UTF-8"?>
<testng-results ignored="0" total="3" passed="3" failed="0" skipped="0">
  <reporter-output>
  </reporter-output>
  <suite started-at="2026-01-09T23:08:54 IST" name="Suite" finished-at="2026-01-09T23:09:17 IST" duration-ms="23135">
    <groups>
      <group name="regression">
        <method signature="ManageContactTest.verifyContact()[pri:1, instance:testscript.ManageContactTest@5ddeb7cb]" name="verifyContact" class="testscript.ManageContactTest"/>
        <method signature="ManageFooterTextTest.verifyFooterText()[pri:1, instance:testscript.ManageFooterTextTest@24569dba]" name="verifyFooterText" class="testscript.ManageFooterTextTest"/>
        <method signature="ManageNewsTest.verifyManageNews()[pri:1, instance:testscript.ManageNewsTest@18271936]" name="verifyManageNews" class="testscript.ManageNewsTest"/>
      </group> <!-- regression -->
    </groups>
    <test started-at="2026-01-09T23:08:54 IST" name="Test" finished-at="2026-01-09T23:09:17 IST" duration-ms="23135">
      <class name="testscript.ManageNewsTest">
        <test-method is-config="true" signature="browserInitialization(java.lang.String)[pri:0, instance:testscript.ManageNewsTest@18271936]" started-at="2026-01-09T23:08:54 IST" name="browserInitialization" finished-at="2026-01-09T23:08:57 IST" duration-ms="3103" status="PASS">
          <params>
            <param index="0">
              <value>
                <![CDATA[chrome]]>
              </value>
            </param>
          </params>
          <reporter-output>
          </reporter-output>
        </test-method> <!-- browserInitialization -->
        <test-method signature="verifyManageNews()[pri:1, instance:testscript.ManageNewsTest@18271936]" started-at="2026-01-09T23:08:57 IST" name="verifyManageNews" description="Testcase to enter new product launch details" finished-at="2026-01-09T23:09:03 IST" duration-ms="5304" status="PASS">
          <reporter-output>
          </reporter-output>
        </test-method> <!-- verifyManageNews -->
        <test-method is-config="true" signature="browserQuit(org.testng.ITestResult)[pri:0, instance:testscript.ManageNewsTest@18271936]" started-at="2026-01-09T23:09:03 IST" name="browserQuit" finished-at="2026-01-09T23:09:03 IST" duration-ms="1" status="PASS">
          <params>
            <param index="0">
              <value>
                <![CDATA[[TestResult name=verifyManageNews status=SUCCESS method=ManageNewsTest.verifyManageNews()[pri:1, instance:testscript.ManageNewsTest@18271936] output={null}]]]>
              </value>
            </param>
          </params>
          <reporter-output>
          </reporter-output>
        </test-method> <!-- browserQuit -->
      </class> <!-- testscript.ManageNewsTest -->
      <class name="testscript.ManageContactTest">
        <test-method is-config="true" signature="browserInitialization(java.lang.String)[pri:0, instance:testscript.ManageContactTest@5ddeb7cb]" started-at="2026-01-09T23:09:11 IST" name="browserInitialization" finished-at="2026-01-09T23:09:13 IST" duration-ms="2157" status="PASS">
          <params>
            <param index="0">
              <value>
                <![CDATA[chrome]]>
              </value>
            </param>
          </params>
          <reporter-output>
          </reporter-output>
        </test-method> <!-- browserInitialization -->
        <test-method signature="verifyContact()[pri:1, instance:testscript.ManageContactTest@5ddeb7cb]" started-at="2026-01-09T23:09:13 IST" name="verifyContact" description="Testcase to update contact and delivery details" finished-at="2026-01-09T23:09:17 IST" duration-ms="4416" status="PASS">
          <reporter-output>
          </reporter-output>
        </test-method> <!-- verifyContact -->
        <test-method is-config="true" signature="browserQuit(org.testng.ITestResult)[pri:0, instance:testscript.ManageContactTest@5ddeb7cb]" started-at="2026-01-09T23:09:17 IST" name="browserQuit" finished-at="2026-01-09T23:09:17 IST" duration-ms="0" status="PASS">
          <params>
            <param index="0">
              <value>
                <![CDATA[[TestResult name=verifyContact status=SUCCESS method=ManageContactTest.verifyContact()[pri:1, instance:testscript.ManageContactTest@5ddeb7cb] output={null}]]]>
              </value>
            </param>
          </params>
          <reporter-output>
          </reporter-output>
        </test-method> <!-- browserQuit -->
      </class> <!-- testscript.ManageContactTest -->
      <class name="testscript.ManageFooterTextTest">
        <test-method is-config="true" signature="browserInitialization(java.lang.String)[pri:0, instance:testscript.ManageFooterTextTest@24569dba]" started-at="2026-01-09T23:09:03 IST" name="browserInitialization" finished-at="2026-01-09T23:09:06 IST" duration-ms="3144" status="PASS">
          <params>
            <param index="0">
              <value>
                <![CDATA[chrome]]>
              </value>
            </param>
          </params>
          <reporter-output>
          </reporter-output>
        </test-method> <!-- browserInitialization -->
        <test-method signature="verifyFooterText()[pri:1, instance:testscript.ManageFooterTextTest@24569dba]" started-at="2026-01-09T23:09:06 IST" name="verifyFooterText" description="Testcase to update user email and phone number" finished-at="2026-01-09T23:09:11 IST" duration-ms="4921" status="PASS">
          <reporter-output>
          </reporter-output>
        </test-method> <!-- verifyFooterText -->
        <test-method is-config="true" signature="browserQuit(org.testng.ITestResult)[pri:0, instance:testscript.ManageFooterTextTest@24569dba]" started-at="2026-01-09T23:09:11 IST" name="browserQuit" finished-at="2026-01-09T23:09:11 IST" duration-ms="1" status="PASS">
          <params>
            <param index="0">
              <value>
                <![CDATA[[TestResult name=verifyFooterText status=SUCCESS method=ManageFooterTextTest.verifyFooterText()[pri:1, instance:testscript.ManageFooterTextTest@24569dba] output={null}]]]>
              </value>
            </param>
          </params>
          <reporter-output>
          </reporter-output>
        </test-method> <!-- browserQuit -->
      </class> <!-- testscript.ManageFooterTextTest -->
    </test> <!-- Test -->
  </suite> <!-- Suite -->
</testng-results>
