<?xml version="1.0" encoding="UTF-8"?>
<testng-results ignored="0" total="10" passed="10" failed="0" skipped="0">
  <reporter-output>
  </reporter-output>
  <suite started-at="2026-01-18T20:24:54 IST" name="Suite" finished-at="2026-01-18T20:25:45 IST" duration-ms="51004">
    <groups>
      <group name="regression">
        <method signature="AdminUsersTest.verifyAdminUser()[pri:1, instance:testscript.AdminUsersTest@536f2a7e]" name="verifyAdminUser" class="testscript.AdminUsersTest"/>
        <method signature="ManageContactTest.verifyContact()[pri:1, instance:testscript.ManageContactTest@6b695b06]" name="verifyContact" class="testscript.ManageContactTest"/>
        <method signature="ManageFooterTextTest.verifyFooterText()[pri:1, instance:testscript.ManageFooterTextTest@5c80cf32]" name="verifyFooterText" class="testscript.ManageFooterTextTest"/>
        <method signature="ManageNewsTest.verifyManageNews()[pri:1, instance:testscript.ManageNewsTest@6f53b8a]" name="verifyManageNews" class="testscript.ManageNewsTest"/>
      </group> <!-- regression -->
    </groups>
    <test started-at="2026-01-18T20:24:54 IST" name="Test" finished-at="2026-01-18T20:25:45 IST" duration-ms="51004">
      <class name="testscript.ManageNewsTest">
        <test-method is-config="true" signature="browserInitialization(java.lang.String)[pri:0, instance:testscript.ManageNewsTest@6f53b8a]" started-at="2026-01-18T20:25:36 IST" name="browserInitialization" finished-at="2026-01-18T20:25:38 IST" duration-ms="1523" status="PASS">
          <params>
            <param index="0">
              <value>
                <![CDATA[chrome]]>
              </value>
            </param>
          </params>
          <reporter-output>
          </reporter-output>
        </test-method> <!-- browserInitialization -->
        <test-method signature="verifyManageNews()[pri:1, instance:testscript.ManageNewsTest@6f53b8a]" started-at="2026-01-18T20:25:38 IST" name="verifyManageNews" description="Testcase to enter new product launch details" finished-at="2026-01-18T20:25:40 IST" duration-ms="2344" status="PASS">
          <reporter-output>
          </reporter-output>
        </test-method> <!-- verifyManageNews -->
        <test-method is-config="true" signature="browserQuit(org.testng.ITestResult)[pri:0, instance:testscript.ManageNewsTest@6f53b8a]" started-at="2026-01-18T20:25:40 IST" name="browserQuit" finished-at="2026-01-18T20:25:40 IST" duration-ms="225" status="PASS">
          <params>
            <param index="0">
              <value>
                <![CDATA[[TestResult name=verifyManageNews status=SUCCESS method=ManageNewsTest.verifyManageNews()[pri:1, instance:testscript.ManageNewsTest@6f53b8a] output={null}]]]>
              </value>
            </param>
          </params>
          <reporter-output>
          </reporter-output>
        </test-method> <!-- browserQuit -->
      </class> <!-- testscript.ManageNewsTest -->
      <class name="testscript.ManageContactTest">
        <test-method is-config="true" signature="browserInitialization(java.lang.String)[pri:0, instance:testscript.ManageContactTest@6b695b06]" started-at="2026-01-18T20:25:21 IST" name="browserInitialization" finished-at="2026-01-18T20:25:23 IST" duration-ms="1719" status="PASS">
          <params>
            <param index="0">
              <value>
                <![CDATA[chrome]]>
              </value>
            </param>
          </params>
          <reporter-output>
          </reporter-output>
        </test-method> <!-- browserInitialization -->
        <test-method signature="verifyContact()[pri:1, instance:testscript.ManageContactTest@6b695b06]" started-at="2026-01-18T20:25:23 IST" name="verifyContact" description="Testcase to update contact and delivery details" finished-at="2026-01-18T20:25:26 IST" duration-ms="3739" status="PASS">
          <reporter-output>
          </reporter-output>
        </test-method> <!-- verifyContact -->
        <test-method is-config="true" signature="browserQuit(org.testng.ITestResult)[pri:0, instance:testscript.ManageContactTest@6b695b06]" started-at="2026-01-18T20:25:26 IST" name="browserQuit" finished-at="2026-01-18T20:25:27 IST" duration-ms="246" status="PASS">
          <params>
            <param index="0">
              <value>
                <![CDATA[[TestResult name=verifyContact status=SUCCESS method=ManageContactTest.verifyContact()[pri:1, instance:testscript.ManageContactTest@6b695b06] output={null}]]]>
              </value>
            </param>
          </params>
          <reporter-output>
          </reporter-output>
        </test-method> <!-- browserQuit -->
      </class> <!-- testscript.ManageContactTest -->
      <class name="testscript.ManageFooterTextTest">
        <test-method is-config="true" signature="browserInitialization(java.lang.String)[pri:0, instance:testscript.ManageFooterTextTest@5c80cf32]" started-at="2026-01-18T20:25:40 IST" name="browserInitialization" finished-at="2026-01-18T20:25:42 IST" duration-ms="1658" status="PASS">
          <params>
            <param index="0">
              <value>
                <![CDATA[chrome]]>
              </value>
            </param>
          </params>
          <reporter-output>
          </reporter-output>
        </test-method> <!-- browserInitialization -->
        <test-method signature="verifyFooterText()[pri:1, instance:testscript.ManageFooterTextTest@5c80cf32]" started-at="2026-01-18T20:25:42 IST" name="verifyFooterText" description="Testcase to update user email and phone number" finished-at="2026-01-18T20:25:44 IST" duration-ms="2363" status="PASS">
          <reporter-output>
          </reporter-output>
        </test-method> <!-- verifyFooterText -->
        <test-method is-config="true" signature="browserQuit(org.testng.ITestResult)[pri:0, instance:testscript.ManageFooterTextTest@5c80cf32]" started-at="2026-01-18T20:25:44 IST" name="browserQuit" finished-at="2026-01-18T20:25:45 IST" duration-ms="256" status="PASS">
          <params>
            <param index="0">
              <value>
                <![CDATA[[TestResult name=verifyFooterText status=SUCCESS method=ManageFooterTextTest.verifyFooterText()[pri:1, instance:testscript.ManageFooterTextTest@5c80cf32] output={null}]]]>
              </value>
            </param>
          </params>
          <reporter-output>
          </reporter-output>
        </test-method> <!-- browserQuit -->
      </class> <!-- testscript.ManageFooterTextTest -->
      <class name="testscript.AdminUsersTest">
        <test-method is-config="true" signature="browserInitialization(java.lang.String)[pri:0, instance:testscript.AdminUsersTest@536f2a7e]" started-at="2026-01-18T20:25:08 IST" name="browserInitialization" finished-at="2026-01-18T20:25:09 IST" duration-ms="1642" status="PASS">
          <params>
            <param index="0">
              <value>
                <![CDATA[chrome]]>
              </value>
            </param>
          </params>
          <reporter-output>
          </reporter-output>
        </test-method> <!-- browserInitialization -->
        <test-method signature="verifyAdminUser()[pri:1, instance:testscript.AdminUsersTest@536f2a7e]" started-at="2026-01-18T20:25:09 IST" name="verifyAdminUser" description="Testcase to add new user credentials" finished-at="2026-01-18T20:25:17 IST" duration-ms="7875" status="PASS">
          <reporter-output>
          </reporter-output>
        </test-method> <!-- verifyAdminUser -->
        <test-method is-config="true" signature="browserQuit(org.testng.ITestResult)[pri:0, instance:testscript.AdminUsersTest@536f2a7e]" started-at="2026-01-18T20:25:17 IST" name="browserQuit" finished-at="2026-01-18T20:25:17 IST" duration-ms="281" status="PASS">
          <params>
            <param index="0">
              <value>
                <![CDATA[[TestResult name=verifyAdminUser status=SUCCESS method=AdminUsersTest.verifyAdminUser()[pri:1, instance:testscript.AdminUsersTest@536f2a7e] output={null}]]]>
              </value>
            </param>
          </params>
          <reporter-output>
          </reporter-output>
        </test-method> <!-- browserQuit -->
      </class> <!-- testscript.AdminUsersTest -->
      <class name="testscript.LogoutTest">
        <test-method is-config="true" signature="browserInitialization(java.lang.String)[pri:0, instance:testscript.LogoutTest@4f32a3ad]" started-at="2026-01-18T20:25:17 IST" name="browserInitialization" finished-at="2026-01-18T20:25:19 IST" duration-ms="1555" status="PASS">
          <params>
            <param index="0">
              <value>
                <![CDATA[chrome]]>
              </value>
            </param>
          </params>
          <reporter-output>
          </reporter-output>
        </test-method> <!-- browserInitialization -->
        <test-method signature="verifyLogout()[pri:1, instance:testscript.LogoutTest@4f32a3ad]" started-at="2026-01-18T20:25:19 IST" name="verifyLogout" finished-at="2026-01-18T20:25:21 IST" duration-ms="1573" status="PASS">
          <reporter-output>
          </reporter-output>
        </test-method> <!-- verifyLogout -->
        <test-method is-config="true" signature="browserQuit(org.testng.ITestResult)[pri:0, instance:testscript.LogoutTest@4f32a3ad]" started-at="2026-01-18T20:25:21 IST" name="browserQuit" finished-at="2026-01-18T20:25:21 IST" duration-ms="246" status="PASS">
          <params>
            <param index="0">
              <value>
                <![CDATA[[TestResult name=verifyLogout status=SUCCESS method=LogoutTest.verifyLogout()[pri:1, instance:testscript.LogoutTest@4f32a3ad] output={null}]]]>
              </value>
            </param>
          </params>
          <reporter-output>
          </reporter-output>
        </test-method> <!-- browserQuit -->
      </class> <!-- testscript.LogoutTest -->
      <class name="testscript.LoginTest">
        <test-method is-config="true" signature="browserInitialization(java.lang.String)[pri:0, instance:testscript.LoginTest@4d1c005e]" started-at="2026-01-18T20:24:54 IST" name="browserInitialization" finished-at="2026-01-18T20:24:56 IST" duration-ms="2473" status="PASS">
          <params>
            <param index="0">
              <value>
                <![CDATA[chrome]]>
              </value>
            </param>
          </params>
          <reporter-output>
          </reporter-output>
        </test-method> <!-- browserInitialization -->
        <test-method signature="verifyTheUserIsAbleToLoginWithValidCredentials()[pri:1, instance:testscript.LoginTest@4d1c005e]" started-at="2026-01-18T20:24:56 IST" name="verifyTheUserIsAbleToLoginWithValidCredentials" description="Testcase to check user is login with valid username and password" finished-at="2026-01-18T20:24:59 IST" duration-ms="2781" status="PASS">
          <reporter-output>
          </reporter-output>
        </test-method> <!-- verifyTheUserIsAbleToLoginWithValidCredentials -->
        <test-method is-config="true" signature="browserQuit(org.testng.ITestResult)[pri:0, instance:testscript.LoginTest@4d1c005e]" started-at="2026-01-18T20:24:59 IST" name="browserQuit" finished-at="2026-01-18T20:24:59 IST" duration-ms="273" status="PASS">
          <params>
            <param index="0">
              <value>
                <![CDATA[[TestResult name=verifyTheUserIsAbleToLoginWithValidCredentials status=SUCCESS method=LoginTest.verifyTheUserIsAbleToLoginWithValidCredentials()[pri:1, instance:testscript.LoginTest@4d1c005e] output={null}]]]>
              </value>
            </param>
          </params>
          <reporter-output>
          </reporter-output>
        </test-method> <!-- browserQuit -->
        <test-method is-config="true" signature="browserInitialization(java.lang.String)[pri:0, instance:testscript.LoginTest@4d1c005e]" started-at="2026-01-18T20:24:59 IST" name="browserInitialization" finished-at="2026-01-18T20:25:01 IST" duration-ms="1780" status="PASS">
          <params>
            <param index="0">
              <value>
                <![CDATA[chrome]]>
              </value>
            </param>
          </params>
          <reporter-output>
          </reporter-output>
        </test-method> <!-- browserInitialization -->
        <test-method signature="verifyTheUserIsAbleToLoginWithIncorrectUsernameCorrectPin()[pri:2, instance:testscript.LoginTest@4d1c005e]" started-at="2026-01-18T20:25:01 IST" name="verifyTheUserIsAbleToLoginWithIncorrectUsernameCorrectPin" description="Testcase to check user is login with invalid username and valid password" finished-at="2026-01-18T20:25:02 IST" duration-ms="997" status="PASS">
          <reporter-output>
          </reporter-output>
        </test-method> <!-- verifyTheUserIsAbleToLoginWithIncorrectUsernameCorrectPin -->
        <test-method is-config="true" signature="browserQuit(org.testng.ITestResult)[pri:0, instance:testscript.LoginTest@4d1c005e]" started-at="2026-01-18T20:25:02 IST" name="browserQuit" finished-at="2026-01-18T20:25:02 IST" duration-ms="234" status="PASS">
          <params>
            <param index="0">
              <value>
                <![CDATA[[TestResult name=verifyTheUserIsAbleToLoginWithIncorrectUsernameCorrectPin status=SUCCESS method=LoginTest.verifyTheUserIsAbleToLoginWithIncorrectUsernameCorrectPin()[pri:2, instance:testscript.LoginTest@4d1c005e] output={null}]]]>
              </value>
            </param>
          </params>
          <reporter-output>
          </reporter-output>
        </test-method> <!-- browserQuit -->
        <test-method is-config="true" signature="browserInitialization(java.lang.String)[pri:0, instance:testscript.LoginTest@4d1c005e]" started-at="2026-01-18T20:25:02 IST" name="browserInitialization" finished-at="2026-01-18T20:25:04 IST" duration-ms="1671" status="PASS">
          <params>
            <param index="0">
              <value>
                <![CDATA[chrome]]>
              </value>
            </param>
          </params>
          <reporter-output>
          </reporter-output>
        </test-method> <!-- browserInitialization -->
        <test-method signature="verifyTheUserIsAbleToLoginWithCorrectUsernameIncorrectPin()[pri:3, instance:testscript.LoginTest@4d1c005e]" started-at="2026-01-18T20:25:04 IST" name="verifyTheUserIsAbleToLoginWithCorrectUsernameIncorrectPin" description="Testcase to check user is login with valid username and invalid password" finished-at="2026-01-18T20:25:05 IST" duration-ms="801" status="PASS">
          <reporter-output>
          </reporter-output>
        </test-method> <!-- verifyTheUserIsAbleToLoginWithCorrectUsernameIncorrectPin -->
        <test-method is-config="true" signature="browserQuit(org.testng.ITestResult)[pri:0, instance:testscript.LoginTest@4d1c005e]" started-at="2026-01-18T20:25:05 IST" name="browserQuit" finished-at="2026-01-18T20:25:05 IST" duration-ms="249" status="PASS">
          <params>
            <param index="0">
              <value>
                <![CDATA[[TestResult name=verifyTheUserIsAbleToLoginWithCorrectUsernameIncorrectPin status=SUCCESS method=LoginTest.verifyTheUserIsAbleToLoginWithCorrectUsernameIncorrectPin()[pri:3, instance:testscript.LoginTest@4d1c005e] output={null}]]]>
              </value>
            </param>
          </params>
          <reporter-output>
          </reporter-output>
        </test-method> <!-- browserQuit -->
        <test-method is-config="true" signature="browserInitialization(java.lang.String)[pri:0, instance:testscript.LoginTest@4d1c005e]" started-at="2026-01-18T20:25:05 IST" name="browserInitialization" finished-at="2026-01-18T20:25:07 IST" duration-ms="1706" status="PASS">
          <params>
            <param index="0">
              <value>
                <![CDATA[chrome]]>
              </value>
            </param>
          </params>
          <reporter-output>
          </reporter-output>
        </test-method> <!-- browserInitialization -->
        <test-method signature="verifyTheUserIsAbleToLoginWithIncorrectUsernameIncorrectPin(java.lang.String,java.lang.String)[pri:4, instance:testscript.LoginTest@4d1c005e]" started-at="2026-01-18T20:25:07 IST" name="verifyTheUserIsAbleToLoginWithIncorrectUsernameIncorrectPin" description="Testcase to check user is login with invalid username and invalid password" data-provider="LoginProvider" finished-at="2026-01-18T20:25:07 IST" duration-ms="557" status="PASS">
          <params>
            <param index="0">
              <value>
                <![CDATA[cyril]]>
              </value>
            </param>
            <param index="1">
              <value>
                <![CDATA[alan]]>
              </value>
            </param>
          </params>
          <reporter-output>
          </reporter-output>
        </test-method> <!-- verifyTheUserIsAbleToLoginWithIncorrectUsernameIncorrectPin -->
        <test-method is-config="true" signature="browserQuit(org.testng.ITestResult)[pri:0, instance:testscript.LoginTest@4d1c005e]" started-at="2026-01-18T20:25:07 IST" name="browserQuit" finished-at="2026-01-18T20:25:08 IST" duration-ms="232" status="PASS">
          <params>
            <param index="0">
              <value>
                <![CDATA[[TestResult name=verifyTheUserIsAbleToLoginWithIncorrectUsernameIncorrectPin status=SUCCESS method=LoginTest.verifyTheUserIsAbleToLoginWithIncorrectUsernameIncorrectPin(java.lang.String,java.lang.String)[pri:4, instance:testscript.LoginTest@4d1c005e] output={null}]]]>
              </value>
            </param>
          </params>
          <reporter-output>
          </reporter-output>
        </test-method> <!-- browserQuit -->
      </class> <!-- testscript.LoginTest -->
      <class name="testscript.ManageCategoryTest">
        <test-method is-config="true" signature="browserInitialization(java.lang.String)[pri:0, instance:testscript.ManageCategoryTest@4d1bf319]" started-at="2026-01-18T20:25:27 IST" name="browserInitialization" finished-at="2026-01-18T20:25:29 IST" duration-ms="2307" status="PASS">
          <params>
            <param index="0">
              <value>
                <![CDATA[chrome]]>
              </value>
            </param>
          </params>
          <reporter-output>
          </reporter-output>
        </test-method> <!-- browserInitialization -->
        <test-method signature="verifyContact()[pri:1, instance:testscript.ManageCategoryTest@4d1bf319]" started-at="2026-01-18T20:25:29 IST" name="verifyContact" description="Testcase to add new grocery to the list" finished-at="2026-01-18T20:25:36 IST" duration-ms="7225" status="PASS">
          <reporter-output>
          </reporter-output>
        </test-method> <!-- verifyContact -->
        <test-method is-config="true" signature="browserQuit(org.testng.ITestResult)[pri:0, instance:testscript.ManageCategoryTest@4d1bf319]" started-at="2026-01-18T20:25:36 IST" name="browserQuit" finished-at="2026-01-18T20:25:36 IST" duration-ms="263" status="PASS">
          <params>
            <param index="0">
              <value>
                <![CDATA[[TestResult name=verifyContact status=SUCCESS method=ManageCategoryTest.verifyContact()[pri:1, instance:testscript.ManageCategoryTest@4d1bf319] output={null}]]]>
              </value>
            </param>
          </params>
          <reporter-output>
          </reporter-output>
        </test-method> <!-- browserQuit -->
      </class> <!-- testscript.ManageCategoryTest -->
    </test> <!-- Test -->
  </suite> <!-- Suite -->
</testng-results>
