<?xml version="1.0" encoding="UTF-8"?>
<testng-results ignored="0" total="1" passed="1" failed="0" skipped="0">
  <reporter-output>
  </reporter-output>
  <suite started-at="2026-01-12T13:24:56 IST" name="Suite" finished-at="2026-01-12T13:25:08 IST" duration-ms="12269">
    <groups>
    </groups>
    <test started-at="2026-01-12T13:24:56 IST" name="Test" finished-at="2026-01-12T13:25:08 IST" duration-ms="12269">
      <class name="testscript.ManageCategoryTest">
        <test-method is-config="true" signature="browserInitialization(java.lang.String)[pri:0, instance:testscript.ManageCategoryTest@14dd7b39]" started-at="2026-01-12T13:24:56 IST" name="browserInitialization" finished-at="2026-01-12T13:24:58 IST" duration-ms="2414" status="PASS">
          <params>
            <param index="0">
              <value>
                <![CDATA[chrome]]>
              </value>
            </param>
          </params>
          <reporter-output>
          </reporter-output>
        </test-method> <!-- browserInitialization -->
        <test-method signature="verifyContact()[pri:1, instance:testscript.ManageCategoryTest@14dd7b39]" started-at="2026-01-12T13:24:58 IST" name="verifyContact" description="Testcase to add new grocery to the list" finished-at="2026-01-12T13:25:08 IST" duration-ms="9440" status="PASS">
          <reporter-output>
          </reporter-output>
        </test-method> <!-- verifyContact -->
        <test-method is-config="true" signature="browserQuit(org.testng.ITestResult)[pri:0, instance:testscript.ManageCategoryTest@14dd7b39]" started-at="2026-01-12T13:25:08 IST" name="browserQuit" finished-at="2026-01-12T13:25:08 IST" duration-ms="336" status="PASS">
          <params>
            <param index="0">
              <value>
                <![CDATA[[TestResult name=verifyContact status=SUCCESS method=ManageCategoryTest.verifyContact()[pri:1, instance:testscript.ManageCategoryTest@14dd7b39] output={null}]]]>
              </value>
            </param>
          </params>
          <reporter-output>
          </reporter-output>
        </test-method> <!-- browserQuit -->
      </class> <!-- testscript.ManageCategoryTest -->
    </test> <!-- Test -->
  </suite> <!-- Suite -->
</testng-results>
