<?xml version="1.0" encoding="UTF-8"?>
<!-- Generated by org.testng.reporters.JUnitXMLReporter -->
<testsuite ignored="0" hostname="DESKTOP-V9UFEOM" failures="0" tests="4" name="ChromeTest" time="35.83" errors="0" timestamp="2026-01-18T20:30:03 IST">
  <testcase classname="testscript.AdminUsersTest" name="verifyAdminUser" time="11.338"/>
  <testcase classname="testscript.ManageContactTest" name="verifyContact" time="5.281"/>
  <testcase classname="testscript.ManageNewsTest" name="verifyManageNews" time="3.526"/>
  <testcase classname="testscript.ManageFooterTextTest" name="verifyFooterText" time="3.597"/>
</testsuite> <!-- ChromeTest -->
