<?xml version="1.0" encoding="UTF-8"?>
<!-- Generated by org.testng.reporters.JUnitXMLReporter -->
<testsuite ignored="0" hostname="DESKTOP-V9UFEOM" failures="0" tests="4" name="FireFoxTest" time="52.105" errors="0" timestamp="2026-01-18T20:30:55 IST">
  <testcase classname="testscript.AdminUsersTest" name="verifyAdminUser" time="8.571"/>
  <testcase classname="testscript.ManageContactTest" name="verifyContact" time="2.593"/>
  <testcase classname="testscript.ManageNewsTest" name="verifyManageNews" time="2.074"/>
  <testcase classname="testscript.ManageFooterTextTest" name="verifyFooterText" time="2.052"/>
</testsuite> <!-- FireFoxTest -->
