<?xml version="1.0" encoding="UTF-8"?>
<!-- Generated by org.testng.reporters.JUnitReportReporter -->
<testsuite hostname="DESKTOP-V9UFEOM" failures="0" tests="2" name="testscript.AdminUsersTest" time="17.991" errors="0" timestamp="2026-01-12T13:30:19 IST" skipped="1">
  <testcase classname="testscript.AdminUsersTest" name="verifyAdminUser" time="6.259"/>
  <testcase classname="testscript.AdminUsersTest" name="verifyAdminUser" time="11.732">
    <skipped/>
  </testcase> <!-- verifyAdminUser -->
</testsuite> <!-- testscript.AdminUsersTest -->
