<?xml version="1.0" encoding="UTF-8"?>
<!-- Generated by org.testng.reporters.JUnitReportReporter -->
<testsuite hostname="DESKTOP-V9UFEOM" failures="0" tests="2" name="testscript.AdminUsersTest" time="19.412" errors="0" timestamp="2026-01-09T14:30:59 IST" skipped="1">
  <testcase classname="testscript.AdminUsersTest" name="verifyAdminUser" time="13.293">
    <skipped/>
  </testcase> <!-- verifyAdminUser -->
  <testcase classname="testscript.AdminUsersTest" name="verifyAdminUser" time="6.119"/>
</testsuite> <!-- testscript.AdminUsersTest -->
