<?xml version="1.0" encoding="UTF-8"?>
<!-- Generated by org.testng.reporters.JUnitReportReporter -->
<testsuite hostname="DESKTOP-V9UFEOM" failures="0" tests="2" name="testscript.ManageContactTest" time="19.215" errors="0" timestamp="2026-01-18T20:32:01 IST" skipped="0">
  <testcase classname="testscript.ManageContactTest" name="verifyContact" time="13.130"/>
  <testcase classname="testscript.ManageContactTest" name="verifyContact" time="6.085"/>
</testsuite> <!-- testscript.ManageContactTest -->
