<?xml version="1.0" encoding="UTF-8"?>
<!-- Generated by org.testng.reporters.JUnitReportReporter -->
<testsuite hostname="DESKTOP-V9UFEOM" failures="0" tests="2" name="testscript.ManageCategoryTest" time="27.721" errors="0" timestamp="2026-01-13T12:35:48 IST" skipped="1">
  <testcase classname="testscript.ManageCategoryTest" name="verifyContact" time="15.094">
    <skipped/>
  </testcase> <!-- verifyContact -->
  <testcase classname="testscript.ManageCategoryTest" name="verifyContact" time="12.627"/>
</testsuite> <!-- testscript.ManageCategoryTest -->
